[0.210s] DEBUG:colcon:Command line arguments: ['/usr/bin/colcon', 'build', '--packages-select', 'point_cloud_blender']
[0.210s] DEBUG:colcon:Parsed command line arguments: Namespace(log_base=None, log_level=None, verb_name='build', build_base='build', install_base='install', merge_install=False, symlink_install=False, test_result_base=None, continue_on_error=False, executor='parallel', parallel_workers=12, event_handlers=None, ignore_user_meta=False, metas=['./colcon.meta'], base_paths=['.'], packages_ignore=None, packages_ignore_regex=None, paths=None, packages_up_to=None, packages_up_to_regex=None, packages_above=None, packages_above_and_dependencies=None, packages_above_depth=None, packages_select_by_dep=None, packages_skip_by_dep=None, packages_skip_up_to=None, packages_select_build_failed=False, packages_skip_build_finished=False, packages_select_test_failures=False, packages_skip_test_passed=False, packages_select=['point_cloud_blender'], packages_skip=None, packages_select_regex=None, packages_skip_regex=None, packages_start=None, packages_end=None, allow_overriding=[], cmake_args=None, cmake_target=None, cmake_target_skip_unavailable=False, cmake_clean_cache=False, cmake_clean_first=False, cmake_force_configure=False, ament_cmake_args=None, catkin_cmake_args=None, catkin_skip_building_tests=False, verb_parser=<colcon_defaults.argument_parser.defaults.DefaultArgumentsDecorator object at 0x71d0ee82b1f0>, verb_extension=<colcon_core.verb.build.BuildVerb object at 0x71d0ee9644f0>, main=<bound method BuildVerb.main of <colcon_core.verb.build.BuildVerb object at 0x71d0ee9644f0>>)
[0.368s] Level 1:colcon.colcon_core.package_discovery:discover_packages(colcon_meta) check parameters
[0.368s] Level 1:colcon.colcon_core.package_discovery:discover_packages(recursive) check parameters
[0.368s] Level 1:colcon.colcon_core.package_discovery:discover_packages(ignore) check parameters
[0.368s] Level 1:colcon.colcon_core.package_discovery:discover_packages(path) check parameters
[0.368s] Level 1:colcon.colcon_core.package_discovery:discover_packages(colcon_meta) discover
[0.368s] Level 1:colcon.colcon_core.package_discovery:discover_packages(recursive) discover
[0.369s] INFO:colcon.colcon_core.package_discovery:Crawling recursively for packages in '/home/edric/AUIC3DRecon'
[0.369s] Level 1:colcon.colcon_core.package_identification:_identify(.) by extensions ['ignore', 'ignore_ament_install']
[0.369s] Level 1:colcon.colcon_core.package_identification:_identify(.) by extension 'ignore'
[0.369s] Level 1:colcon.colcon_core.package_identification:_identify(.) by extension 'ignore_ament_install'
[0.369s] Level 1:colcon.colcon_core.package_identification:_identify(.) by extensions ['colcon_pkg']
[0.369s] Level 1:colcon.colcon_core.package_identification:_identify(.) by extension 'colcon_pkg'
[0.369s] Level 1:colcon.colcon_core.package_identification:_identify(.) by extensions ['colcon_meta']
[0.369s] Level 1:colcon.colcon_core.package_identification:_identify(.) by extension 'colcon_meta'
[0.369s] Level 1:colcon.colcon_core.package_identification:_identify(.) by extensions ['ros']
[0.369s] Level 1:colcon.colcon_core.package_identification:_identify(.) by extension 'ros'
[0.385s] Level 1:colcon.colcon_core.package_identification:_identify(.) by extensions ['cmake', 'python']
[0.385s] Level 1:colcon.colcon_core.package_identification:_identify(.) by extension 'cmake'
[0.385s] Level 1:colcon.colcon_core.package_identification:_identify(.) by extension 'python'
[0.385s] Level 1:colcon.colcon_core.package_identification:_identify(.) by extensions ['python_setup_py']
[0.385s] Level 1:colcon.colcon_core.package_identification:_identify(.) by extension 'python_setup_py'
[0.385s] Level 1:colcon.colcon_core.package_identification:_identify(build) by extensions ['ignore', 'ignore_ament_install']
[0.385s] Level 1:colcon.colcon_core.package_identification:_identify(build) by extension 'ignore'
[0.385s] Level 1:colcon.colcon_core.package_identification:_identify(build) ignored
[0.385s] Level 1:colcon.colcon_core.package_identification:_identify(install) by extensions ['ignore', 'ignore_ament_install']
[0.385s] Level 1:colcon.colcon_core.package_identification:_identify(install) by extension 'ignore'
[0.386s] Level 1:colcon.colcon_core.package_identification:_identify(install) ignored
[0.386s] Level 1:colcon.colcon_core.package_identification:_identify(log) by extensions ['ignore', 'ignore_ament_install']
[0.386s] Level 1:colcon.colcon_core.package_identification:_identify(log) by extension 'ignore'
[0.386s] Level 1:colcon.colcon_core.package_identification:_identify(log) ignored
[0.386s] Level 1:colcon.colcon_core.package_identification:_identify(src) by extensions ['ignore', 'ignore_ament_install']
[0.386s] Level 1:colcon.colcon_core.package_identification:_identify(src) by extension 'ignore'
[0.386s] Level 1:colcon.colcon_core.package_identification:_identify(src) by extension 'ignore_ament_install'
[0.386s] Level 1:colcon.colcon_core.package_identification:_identify(src) by extensions ['colcon_pkg']
[0.386s] Level 1:colcon.colcon_core.package_identification:_identify(src) by extension 'colcon_pkg'
[0.386s] Level 1:colcon.colcon_core.package_identification:_identify(src) by extensions ['colcon_meta']
[0.386s] Level 1:colcon.colcon_core.package_identification:_identify(src) by extension 'colcon_meta'
[0.386s] Level 1:colcon.colcon_core.package_identification:_identify(src) by extensions ['ros']
[0.386s] Level 1:colcon.colcon_core.package_identification:_identify(src) by extension 'ros'
[0.387s] Level 1:colcon.colcon_core.package_identification:_identify(src) by extensions ['cmake', 'python']
[0.387s] Level 1:colcon.colcon_core.package_identification:_identify(src) by extension 'cmake'
[0.387s] Level 1:colcon.colcon_core.package_identification:_identify(src) by extension 'python'
[0.387s] Level 1:colcon.colcon_core.package_identification:_identify(src) by extensions ['python_setup_py']
[0.387s] Level 1:colcon.colcon_core.package_identification:_identify(src) by extension 'python_setup_py'
[0.387s] Level 1:colcon.colcon_core.package_identification:_identify(src/point_cloud_blender) by extensions ['ignore', 'ignore_ament_install']
[0.387s] Level 1:colcon.colcon_core.package_identification:_identify(src/point_cloud_blender) by extension 'ignore'
[0.387s] Level 1:colcon.colcon_core.package_identification:_identify(src/point_cloud_blender) by extension 'ignore_ament_install'
[0.387s] Level 1:colcon.colcon_core.package_identification:_identify(src/point_cloud_blender) by extensions ['colcon_pkg']
[0.387s] Level 1:colcon.colcon_core.package_identification:_identify(src/point_cloud_blender) by extension 'colcon_pkg'
[0.387s] Level 1:colcon.colcon_core.package_identification:_identify(src/point_cloud_blender) by extensions ['colcon_meta']
[0.387s] Level 1:colcon.colcon_core.package_identification:_identify(src/point_cloud_blender) by extension 'colcon_meta'
[0.387s] Level 1:colcon.colcon_core.package_identification:_identify(src/point_cloud_blender) by extensions ['ros']
[0.387s] Level 1:colcon.colcon_core.package_identification:_identify(src/point_cloud_blender) by extension 'ros'
[0.390s] DEBUG:colcon.colcon_core.package_identification:Package 'src/point_cloud_blender' with type 'ros.ament_cmake' and name 'point_cloud_blender'
[0.390s] Level 1:colcon.colcon_core.package_discovery:discover_packages(recursive) using defaults
[0.390s] Level 1:colcon.colcon_core.package_discovery:discover_packages(ignore) discover
[0.390s] Level 1:colcon.colcon_core.package_discovery:discover_packages(ignore) using defaults
[0.390s] Level 1:colcon.colcon_core.package_discovery:discover_packages(path) discover
[0.390s] Level 1:colcon.colcon_core.package_discovery:discover_packages(path) using defaults
[0.409s] Level 1:colcon.colcon_core.package_discovery:discover_packages(prefix_path) check parameters
[0.409s] Level 1:colcon.colcon_core.package_discovery:discover_packages(prefix_path) discover
[0.411s] DEBUG:colcon.colcon_installed_package_information.package_discovery:Found 319 installed packages in /opt/ros/humble
[0.430s] Level 1:colcon.colcon_core.package_discovery:discover_packages(prefix_path) using defaults
[0.470s] Level 5:colcon.colcon_core.verb:set package 'point_cloud_blender' build argument 'cmake_args' from command line to 'None'
[0.470s] Level 5:colcon.colcon_core.verb:set package 'point_cloud_blender' build argument 'cmake_target' from command line to 'None'
[0.470s] Level 5:colcon.colcon_core.verb:set package 'point_cloud_blender' build argument 'cmake_target_skip_unavailable' from command line to 'False'
[0.470s] Level 5:colcon.colcon_core.verb:set package 'point_cloud_blender' build argument 'cmake_clean_cache' from command line to 'False'
[0.470s] Level 5:colcon.colcon_core.verb:set package 'point_cloud_blender' build argument 'cmake_clean_first' from command line to 'False'
[0.470s] Level 5:colcon.colcon_core.verb:set package 'point_cloud_blender' build argument 'cmake_force_configure' from command line to 'False'
[0.470s] Level 5:colcon.colcon_core.verb:set package 'point_cloud_blender' build argument 'ament_cmake_args' from command line to 'None'
[0.470s] Level 5:colcon.colcon_core.verb:set package 'point_cloud_blender' build argument 'catkin_cmake_args' from command line to 'None'
[0.471s] Level 5:colcon.colcon_core.verb:set package 'point_cloud_blender' build argument 'catkin_skip_building_tests' from command line to 'False'
[0.471s] DEBUG:colcon.colcon_core.verb:Building package 'point_cloud_blender' with the following arguments: {'ament_cmake_args': None, 'build_base': '/home/edric/AUIC3DRecon/build/point_cloud_blender', 'catkin_cmake_args': None, 'catkin_skip_building_tests': False, 'cmake_args': None, 'cmake_clean_cache': False, 'cmake_clean_first': False, 'cmake_force_configure': False, 'cmake_target': None, 'cmake_target_skip_unavailable': False, 'install_base': '/home/edric/AUIC3DRecon/install/point_cloud_blender', 'merge_install': False, 'path': '/home/edric/AUIC3DRecon/src/point_cloud_blender', 'symlink_install': False, 'test_result_base': None}
[0.471s] INFO:colcon.colcon_core.executor:Executing jobs using 'parallel' executor
[0.472s] DEBUG:colcon.colcon_parallel_executor.executor.parallel:run_until_complete
[0.472s] INFO:colcon.colcon_ros.task.ament_cmake.build:Building ROS package in '/home/edric/AUIC3DRecon/src/point_cloud_blender' with build type 'ament_cmake'
[0.472s] INFO:colcon.colcon_cmake.task.cmake.build:Building CMake package in '/home/edric/AUIC3DRecon/src/point_cloud_blender'
[0.475s] INFO:colcon.colcon_core.plugin_system:Skipping extension 'colcon_core.shell.bat': Not used on non-Windows systems
[0.475s] INFO:colcon.colcon_core.shell:Skip shell extension 'powershell' for command environment: Not usable outside of PowerShell
[0.476s] DEBUG:colcon.colcon_core.shell:Skip shell extension 'dsv' for command environment
[0.489s] DEBUG:colcon.colcon_core.event_handler.log_command:Invoking command in '/home/edric/AUIC3DRecon/build/point_cloud_blender': CMAKE_PREFIX_PATH=/opt/ros/humble /usr/bin/cmake /home/edric/AUIC3DRecon/src/point_cloud_blender -DCMAKE_INSTALL_PREFIX=/home/edric/AUIC3DRecon/install/point_cloud_blender
[2.263s] DEBUG:colcon.colcon_core.event_handler.log_command:Invoked command in '/home/edric/AUIC3DRecon/build/point_cloud_blender' returned '0': CMAKE_PREFIX_PATH=/opt/ros/humble /usr/bin/cmake /home/edric/AUIC3DRecon/src/point_cloud_blender -DCMAKE_INSTALL_PREFIX=/home/edric/AUIC3DRecon/install/point_cloud_blender
[2.264s] DEBUG:colcon.colcon_core.event_handler.log_command:Invoking command in '/home/edric/AUIC3DRecon/build/point_cloud_blender': CMAKE_PREFIX_PATH=/opt/ros/humble /usr/bin/cmake --build /home/edric/AUIC3DRecon/build/point_cloud_blender -- -j12 -l12
[2.301s] DEBUG:colcon.colcon_core.event_handler.log_command:Invoked command in '/home/edric/AUIC3DRecon/build/point_cloud_blender' returned '0': CMAKE_PREFIX_PATH=/opt/ros/humble /usr/bin/cmake --build /home/edric/AUIC3DRecon/build/point_cloud_blender -- -j12 -l12
[2.313s] DEBUG:colcon.colcon_core.event_handler.log_command:Invoking command in '/home/edric/AUIC3DRecon/build/point_cloud_blender': CMAKE_PREFIX_PATH=/opt/ros/humble /usr/bin/cmake --install /home/edric/AUIC3DRecon/build/point_cloud_blender
[2.325s] Level 1:colcon.colcon_core.environment:create_environment_scripts_only(point_cloud_blender)
[2.326s] DEBUG:colcon.colcon_core.event_handler.log_command:Invoked command in '/home/edric/AUIC3DRecon/build/point_cloud_blender' returned '0': CMAKE_PREFIX_PATH=/opt/ros/humble /usr/bin/cmake --install /home/edric/AUIC3DRecon/build/point_cloud_blender
[2.328s] Level 1:colcon.colcon_core.environment:checking '/home/edric/AUIC3DRecon/install/point_cloud_blender' for CMake module files
[2.328s] Level 1:colcon.colcon_core.environment:checking '/home/edric/AUIC3DRecon/install/point_cloud_blender' for CMake config files
[2.328s] Level 1:colcon.colcon_core.shell:create_environment_hook('point_cloud_blender', 'cmake_prefix_path')
[2.329s] INFO:colcon.colcon_core.shell:Creating environment hook '/home/edric/AUIC3DRecon/install/point_cloud_blender/share/point_cloud_blender/hook/cmake_prefix_path.ps1'
[2.330s] INFO:colcon.colcon_core.shell:Creating environment descriptor '/home/edric/AUIC3DRecon/install/point_cloud_blender/share/point_cloud_blender/hook/cmake_prefix_path.dsv'
[2.330s] INFO:colcon.colcon_core.shell:Creating environment hook '/home/edric/AUIC3DRecon/install/point_cloud_blender/share/point_cloud_blender/hook/cmake_prefix_path.sh'
[2.331s] Level 1:colcon.colcon_core.environment:checking '/home/edric/AUIC3DRecon/install/point_cloud_blender/bin'
[2.331s] Level 1:colcon.colcon_core.environment:checking '/home/edric/AUIC3DRecon/install/point_cloud_blender/lib/pkgconfig/point_cloud_blender.pc'
[2.332s] Level 1:colcon.colcon_core.environment:checking '/home/edric/AUIC3DRecon/install/point_cloud_blender/lib/python3.10/site-packages'
[2.332s] Level 1:colcon.colcon_core.environment:checking '/home/edric/AUIC3DRecon/install/point_cloud_blender/bin'
[2.332s] INFO:colcon.colcon_core.shell:Creating package script '/home/edric/AUIC3DRecon/install/point_cloud_blender/share/point_cloud_blender/package.ps1'
[2.333s] INFO:colcon.colcon_core.shell:Creating package descriptor '/home/edric/AUIC3DRecon/install/point_cloud_blender/share/point_cloud_blender/package.dsv'
[2.333s] INFO:colcon.colcon_core.shell:Creating package script '/home/edric/AUIC3DRecon/install/point_cloud_blender/share/point_cloud_blender/package.sh'
[2.334s] INFO:colcon.colcon_core.shell:Creating package script '/home/edric/AUIC3DRecon/install/point_cloud_blender/share/point_cloud_blender/package.bash'
[2.334s] INFO:colcon.colcon_core.shell:Creating package script '/home/edric/AUIC3DRecon/install/point_cloud_blender/share/point_cloud_blender/package.zsh'
[2.335s] Level 1:colcon.colcon_core.environment:create_file_with_runtime_dependencies(/home/edric/AUIC3DRecon/install/point_cloud_blender/share/colcon-core/packages/point_cloud_blender)
[2.337s] Level 1:colcon.colcon_core.environment:create_environment_scripts_only(point_cloud_blender)
[2.337s] Level 1:colcon.colcon_core.environment:checking '/home/edric/AUIC3DRecon/install/point_cloud_blender' for CMake module files
[2.337s] Level 1:colcon.colcon_core.environment:checking '/home/edric/AUIC3DRecon/install/point_cloud_blender' for CMake config files
[2.338s] Level 1:colcon.colcon_core.shell:create_environment_hook('point_cloud_blender', 'cmake_prefix_path')
[2.338s] INFO:colcon.colcon_core.shell:Creating environment hook '/home/edric/AUIC3DRecon/install/point_cloud_blender/share/point_cloud_blender/hook/cmake_prefix_path.ps1'
[2.338s] INFO:colcon.colcon_core.shell:Creating environment descriptor '/home/edric/AUIC3DRecon/install/point_cloud_blender/share/point_cloud_blender/hook/cmake_prefix_path.dsv'
[2.339s] INFO:colcon.colcon_core.shell:Creating environment hook '/home/edric/AUIC3DRecon/install/point_cloud_blender/share/point_cloud_blender/hook/cmake_prefix_path.sh'
[2.339s] Level 1:colcon.colcon_core.environment:checking '/home/edric/AUIC3DRecon/install/point_cloud_blender/bin'
[2.339s] Level 1:colcon.colcon_core.environment:checking '/home/edric/AUIC3DRecon/install/point_cloud_blender/lib/pkgconfig/point_cloud_blender.pc'
[2.339s] Level 1:colcon.colcon_core.environment:checking '/home/edric/AUIC3DRecon/install/point_cloud_blender/lib/python3.10/site-packages'
[2.340s] Level 1:colcon.colcon_core.environment:checking '/home/edric/AUIC3DRecon/install/point_cloud_blender/bin'
[2.340s] INFO:colcon.colcon_core.shell:Creating package script '/home/edric/AUIC3DRecon/install/point_cloud_blender/share/point_cloud_blender/package.ps1'
[2.341s] INFO:colcon.colcon_core.shell:Creating package descriptor '/home/edric/AUIC3DRecon/install/point_cloud_blender/share/point_cloud_blender/package.dsv'
[2.341s] INFO:colcon.colcon_core.shell:Creating package script '/home/edric/AUIC3DRecon/install/point_cloud_blender/share/point_cloud_blender/package.sh'
[2.342s] INFO:colcon.colcon_core.shell:Creating package script '/home/edric/AUIC3DRecon/install/point_cloud_blender/share/point_cloud_blender/package.bash'
[2.343s] INFO:colcon.colcon_core.shell:Creating package script '/home/edric/AUIC3DRecon/install/point_cloud_blender/share/point_cloud_blender/package.zsh'
[2.344s] Level 1:colcon.colcon_core.environment:create_file_with_runtime_dependencies(/home/edric/AUIC3DRecon/install/point_cloud_blender/share/colcon-core/packages/point_cloud_blender)
[2.344s] DEBUG:colcon.colcon_parallel_executor.executor.parallel:closing loop
[2.345s] DEBUG:colcon.colcon_parallel_executor.executor.parallel:loop closed
[2.345s] DEBUG:colcon.colcon_parallel_executor.executor.parallel:run_until_complete finished with '0'
[2.345s] DEBUG:colcon.colcon_core.event_reactor:joining thread
[2.398s] INFO:colcon.colcon_core.plugin_system:Skipping extension 'colcon_notification.desktop_notification.notify_send': Could not find 'notify-send'
[2.398s] INFO:colcon.colcon_core.plugin_system:Skipping extension 'colcon_notification.desktop_notification.terminal_notifier': Not used on non-Darwin systems
[2.398s] INFO:colcon.colcon_core.plugin_system:Skipping extension 'colcon_notification.desktop_notification.win32': Not used on non-Windows systems
[2.398s] INFO:colcon.colcon_notification.desktop_notification:Sending desktop notification using 'notify2'
[2.399s] DEBUG:colcon.colcon_notification.desktop_notification.notify2:Failed to initialize notify2: org.freedesktop.DBus.Error.ServiceUnknown: The name org.freedesktop.Notifications was not provided by any .service files
[2.400s] DEBUG:colcon.colcon_core.event_reactor:joined thread
[2.400s] INFO:colcon.colcon_core.shell:Creating prefix script '/home/edric/AUIC3DRecon/install/local_setup.ps1'
[2.401s] INFO:colcon.colcon_core.shell:Creating prefix util module '/home/edric/AUIC3DRecon/install/_local_setup_util_ps1.py'
[2.403s] INFO:colcon.colcon_core.shell:Creating prefix chain script '/home/edric/AUIC3DRecon/install/setup.ps1'
[2.406s] INFO:colcon.colcon_core.shell:Creating prefix script '/home/edric/AUIC3DRecon/install/local_setup.sh'
[2.407s] INFO:colcon.colcon_core.shell:Creating prefix util module '/home/edric/AUIC3DRecon/install/_local_setup_util_sh.py'
[2.407s] INFO:colcon.colcon_core.shell:Creating prefix chain script '/home/edric/AUIC3DRecon/install/setup.sh'
[2.408s] INFO:colcon.colcon_core.shell:Creating prefix script '/home/edric/AUIC3DRecon/install/local_setup.bash'
[2.409s] INFO:colcon.colcon_core.shell:Creating prefix chain script '/home/edric/AUIC3DRecon/install/setup.bash'
[2.411s] INFO:colcon.colcon_core.shell:Creating prefix script '/home/edric/AUIC3DRecon/install/local_setup.zsh'
[2.412s] INFO:colcon.colcon_core.shell:Creating prefix chain script '/home/edric/AUIC3DRecon/install/setup.zsh'
